<?xml version="1.0" encoding="UTF-8"?>
<!-- Generated by org.testng.reporters.JUnitXMLReporter -->
<testsuite hostname="rajiv" ignored="1" name="Test" tests="3" failures="0" timestamp="15 Feb 2021 15:55:33 GMT" time="5.547" errors="0">
  <testcase name="myTest" time="0.016" classname="com.rajiv.test.RestAssuredTestNG.AppTest"/>
  <testcase name="myTest" time="0.008" classname="com.rajiv.test.RestAssuredTestNG.AppTest"/>
  <testcase name="testAppA" time="5.481" classname="com.rajiv.test.RestAssuredTestNG.AppTest"/>
  <testcase name="testAppB" time="0.0" classname="com.rajiv.test.RestAssuredTestNG.AppTest">
    <ignored/>
  </testcase> <!-- testAppB -->
</testsuite> <!-- Test -->
